C51 COMPILER V7.50   S6D0154                                                               02/16/2014 14:30:26 PAGE 1   


C51 COMPILER V7.50, COMPILATION OF MODULE S6D0154
OBJECT MODULE PLACED IN Src\s6d0154.OBJ
COMPILER INVOKED BY: C:\Keil\C51\BIN\C51.EXE Src\s6d0154.c BROWSE INCDIR(.\Src) DEBUG OBJECTEXTEND PRINT(.\Lst\s6d0154.l
                    -st) SRC(.\Obj\s6d0154.SRC)

line level    source

   1          //#include <reg52.h>
   2          #include "STC_NEW_8051.H"
   3          #include"head.h"        //IO define
   4          
   5          #include"s6d0154_drv.h" //包含_24TFT-OK的正确初始化程序  
   6          
   7          #include"picture.h"
   8          #include"chinese.h"
   9          #include"char.h"
  10          //------------------------------------------------------------------
  11          uint colors[]={
  12          //   0      1      2      3      4      5      6      7
  13          0xf800,0x07e0,0x001f,0xffe0,0x0000,0x07ff,0xf81f,0xffff  //颜色数据
  14          //  红     绿     蓝     黄     黑     青     紫     白
  15          };
  16          //******************************************************************
  17          //  
  18          //------------------------------------------------------------------
  19          void delayms(unsigned int tt) //0.5
  20          {
  21   1          unsigned char i;
  22   1              unsigned char j;
  23   1          while(tt>0)
  24   1          {
  25   2              tt--;
  26   2              for(j=0;j<5;j++)
  27   2                  {
  28   3                          for(i=0;i<168;i++)
  29   3                              {
  30   4                              }
  31   3              }
  32   2          }
  33   1      }
  34          /*
  35          void delay(long tt)
  36          {
  37              while(tt>0)
  38              {
  39                  tt--;
  40              }
  41          }
  42          */
  43          void Write_DATA(unsigned int i,unsigned int j)
  44          {
  45   1          //8080 interface
  46   1          LCD_CS = 0;
  47   1              LCD_DC = 1;
  48   1              LCD_RD = 1;
  49   1              P0  = j;
  50   1              P2  = i;
  51   1              LCD_WR = 0;
  52   1              LCD_WR = 1;
  53   1              LCD_CS = 1;
  54   1      }
C51 COMPILER V7.50   S6D0154                                                               02/16/2014 14:30:26 PAGE 2   

  55          /*
  56          void Write_DAT_18(unsigned int i,unsigned int j,unsigned int k)
  57          {
  58              //8080 interface
  59              CS0 = 0;
  60                  DC0 = 1;
  61                  RD0 = 1;
  62                  P2  = i;
  63                  P0  = j;
  64                  WR0 = 0;
  65                  WR0 = 1;
  66                  P2  = k;
  67                  WR0 = 0;
  68                  WR0 = 1;
  69                  CS0 = 1;
  70          }
  71          */
  72          void Write_COMD(unsigned int i,unsigned int j)
  73          {
  74   1              //8080 interface
  75   1          LCD_CS = 0;  
  76   1          LCD_RD = 1;
  77   1          LCD_DC = 0;
  78   1              P0  = j;         
  79   1              P2  = i;
  80   1              LCD_WR = 0;
  81   1              LCD_WR = 1;
  82   1              LCD_CS = 1;
  83   1      }
  84          //******************************************************************
  85          //  分颜色显示
  86          //------------------------------------------------------------------
  87          void Display_Red(void)
  88          {  
  89   1          int i,j,k=0;
  90   1           
  91   1              LCD_CS =0;  //打开片选使能
  92   1              Address_set(0,0,239,319);
  93   1              
  94   1          Write_COMD(0x00,0x22); 
  95   1          for(i=0;i<320;i++)
  96   1          {
  97   2              for(j=0;j<240;j++)
  98   2                  {
  99   3                  Write_DATA(0xf8,0x00);//data_out18(0xfc,0x00,0x00);
 100   3                  }
 101   2          }
 102   1      }
 103          void Display_Green(void)
 104          {  
 105   1          int i,j;
 106   1         
 107   1              LCD_CS =0;  //打开片选使能
 108   1              Address_set(0,0,239,319);
 109   1         
 110   1          Write_COMD(0x00,0x22); 
 111   1          for(i=0;i<320;i++)
 112   1          {
 113   2              for(j=0;j<240;j++)
 114   2                  {
 115   3                  Write_DATA(0x07,0xe0);
 116   3                  //Write_Data_18(0x03,0xf0,0x00);
C51 COMPILER V7.50   S6D0154                                                               02/16/2014 14:30:26 PAGE 3   

 117   3              }
 118   2          }
 119   1      }
 120          void Display_Blue(void)
 121          {  
 122   1          int i,j;
 123   1           
 124   1          Write_COMD(0x00,0x20);
 125   1          Write_DATA(0x00,0x00);
 126   1          Write_COMD(0x00,0x21);
 127   1          Write_DATA(0x00,0x00);
 128   1         
 129   1          Write_COMD(0x00,0x22);
 130   1          for(i=0;i<320;i++)
 131   1          {
 132   2                  for(j=0;j<240;j++)
 133   2              {
 134   3                          Write_DATA(0x00,0x1f);
 135   3                  //Write_Data_18(0x00,0x0f,0xc0);
 136   3              }
 137   2          }
 138   1      }
 139          void Display_White(void)
 140          {
 141   1          int i,j;
 142   1          
 143   1              LCD_CS =0;  //打开片选使能
 144   1              Address_set(0,0,239,319);
 145   1          for(i=0;i<320;i++)
 146   1          {
 147   2              for(j=0;j<240;j++)
 148   2                  {
 149   3                  Write_DATA(0xff,0xff);
 150   3                  //Write_Data_18(0xff,0xff,0xc0);
 151   3              }
 152   2          }
 153   1      }
 154          void Display_Black(void)
 155          {  
 156   1          int i,j,k;
 157   1           
 158   1              LCD_CS =0;  //打开片选使能
 159   1              Address_set(0,0,239,319);
 160   1          for(i=0;i<240;i++)
 161   1          {
 162   2              Write_DATA(0xff,0xff);
 163   2              //Write_DATA_18(0xff,0xff,0xc0);
 164   2          }
 165   1          //---------------------------------
 166   1          for(i=0;i<318;i++)  //加外框
 167   1          {
 168   2              for(k=0;k<1;k++)
 169   2                  {
 170   3                  Write_DATA(0xff,0xff);
 171   3                      //WRITE_DATA_18(0xff,0xff,0xc0);
 172   3                  }
 173   2                  for(j=0;j<238;j++)
 174   2                  {
 175   3                          Write_DATA(0x00,0x00);
 176   3                          //Write_DATA_18(0x00,0x00,0x00);
 177   3                  }
 178   2                  for(k=0;k<1;k++)
C51 COMPILER V7.50   S6D0154                                                               02/16/2014 14:30:26 PAGE 4   

 179   2                  {
 180   3                      Write_DATA(0xff,0xff);
 181   3                  //Write_DATA_18(0xff,0xff,0xc0);
 182   3                  }
 183   2          }
 184   1          //---------------------------------
 185   1          for(i=0;i<240;i++)
 186   1          {
 187   2              Write_DATA(0xff,0xff);
 188   2              //Write_Data_18(0xff,0xff,0xc0);
 189   2          }
 190   1      }
 191          
 192          void Display_Loding()
 193          {
 194   1              Display_Image();
 195   1              
 196   1              ChineseChar(50,79,2,colors[4],colors[7],1);     //晶
 197   1          ChineseChar(50,122,2,colors[4],colors[7],2);        //液
 198   1          ChineseChar(50,165,2,colors[4],colors[7],3);        //心
 199   1          ChineseChar(50,208,2,colors[4],colors[7],4);        //伤
 200   1      }
 201          
 202          //******************************************************************
 203          //  图片显示(仅240*80dot模式)
 204          //------------------------------------------------------------------
 205          void Display_Image()
 206          {
 207   1          unsigned char i,j;
 208   1              LCD_CS =0;  //打开片选使能
 209   1              //Address_set(0,0,239,319);
 210   1              //Address_set(119,119,239,200);
 211   1              Address_set(100,115,219,214);
 212   1          LCD_DC=1;
 213   1      #pragma asm
 214   1                      mov DPTR, #RaspberryPiLogoBig
 215   1      #pragma endasm
 216   1      //        unsigned int  k=0;
 217   1              
 218   1              for(j=0;j<99;j++)
 219   1              {
 220   2      
 221   2                  for(i=119;i!=0;i--)
 222   2                  {
 223   3                      LCD_WR = 0;
 224   3      #pragma asm
 225   3                      clr A
 226   3                      movc A, @A+DPTR
 227   3                      mov P2, A
 228   3                      inc DPTR
 229   3                      clr A
 230   3                      movc A, @A+DPTR
 231   3                      mov P0, A
 232   3                      inc DPTR
 233   3      #pragma endasm
 234   3                      LCD_WR = 1;
 235   3      //                Write_DATA(Image[k++],Image[k++]);
 236   3                  }
 237   2              }
 238   1      }
 239          //******************************************************************
 240          //  
C51 COMPILER V7.50   S6D0154                                                               02/16/2014 14:30:26 PAGE 5   

 241          //------------------------------------------------------------------
 242          void LCD_Writ_Bus(char VH,char VL)      //并行数据写入函数
 243          {
 244   1          LCD_DataPortH=VH;     //高位P口
 245   1              LCD_DataPortL=VL;         //低位P口     
 246   1              LCD_WR=0;
 247   1              LCD_WR=1; 
 248   1      }
 249          void LCD_Write_COM(char VH,char VL)         //发送命令
 250          {       
 251   1          LCD_DC=0;
 252   1              LCD_Writ_Bus(VH,VL);
 253   1      }
 254          void LCD_Write_DATA(char VH,char VL)    //发送数据
 255          {
 256   1          LCD_DC=1;
 257   1              LCD_Writ_Bus(VH,VL);
 258   1      }
 259          //******************************************************************
 260          //  
 261          //------------------------------------------------------------------
 262          void Pant(char VH,char VL)
 263          {
 264   1              unsigned char i;
 265   1              unsigned char j;
 266   1              
 267   1              LCD_CS =0;  //打开片选使能
 268   1              Address_set(0,0,239,319);
 269   1          LCD_DataPortH=VH;     //高位P口
 270   1              LCD_DataPortL=VL;         //低位P口     
 271   1          LCD_DC=1;
 272   1          for(i=160;i!=0;i--)
 273   1              {
 274   2              for (j=240;j!=0;j--)
 275   2              {
 276   3                  LCD_WR=0;
 277   3                  LCD_WR=1; 
 278   3                  LCD_WR=0;
 279   3                  LCD_WR=1; 
 280   3                  }
 281   2          }
 282   1          LCD_CS =1;  //关闭片选使能
 283   1      }
 284          void Address_set(unsigned int x1,unsigned int y1,unsigned int x2,unsigned int y2)
 285          {
 286   1      
 287   1          LCD_Write_COM(0x00,0x20);LCD_Write_DATA(x1>>8,x1);  //设置X坐标位置
 288   1          LCD_Write_COM(0x00,0x21);LCD_Write_DATA(y1>>8,y1);  //设置Y坐标位置
 289   1                       
 290   1          LCD_Write_COM(0x00,0x37);LCD_Write_DATA(x1>>8,x1);  //开始X
 291   1              LCD_Write_COM(0x00,0x39);LCD_Write_DATA(y1>>8,y1);  //开始Y
 292   1          LCD_Write_COM(0x00,0x36);LCD_Write_DATA(x2>>8,x2);  //结束X
 293   1              LCD_Write_COM(0x00,0x38);LCD_Write_DATA(y2>>8,y2);  //结束Y
 294   1      
 295   1              LCD_Write_COM(0x00,0x22);                                                                                
 296   1      }
 297          //******************************************************************
 298          //  写汉字子函数
 299          //------------------------------------------------------------------
 300          void ChineseChar(uint x,uint y,int size,uint For_color,uint Bk_color ,char c)
 301          {
 302   1      
C51 COMPILER V7.50   S6D0154                                                               02/16/2014 14:30:26 PAGE 6   

 303   1          int e,i,j;
 304   1          int  ed;
 305   1         
 306   1          uint  ncols;
 307   1          uint  nrows;
 308   1          uint  nbytes;
 309   1      
 310   1          uchar *pfont;
 311   1          uchar *pchar;
 312   1          uchar *fonttable[]={(uchar *)hz16,(uchar *)hz24 , (uchar *)hz32};
 313   1         
 314   1          pfont=(uchar *)fonttable[size];
 315   1      
 316   1                       LCD_CS =0;  //打开片选使能
 317   1          if(size==0)
 318   1          {
 319   2              ncols =16-1;
 320   2              nrows =16-1;
 321   2              nbytes =32;      //(16*16)/8
 322   2          }
 323   1          else
 324   1          {    
 325   2              if(size==1)
 326   2              {
 327   3                  ncols =24-1;
 328   3                  nrows =24-1;
 329   3                  nbytes =72;  //(24*24)/8
 330   3              }
 331   2              else
 332   2              {
 333   3                  if(size==2)
 334   3                  {
 335   4                      ncols =32-1;
 336   4                      nrows =32-1;
 337   4                      nbytes =132;   //(32*32)/8
 338   4                  }
 339   3              }
 340   2          }
 341   1          pchar=pfont + (nbytes*(c-1));
 342   1      
 343   1          Address_set(x,  y, x+nrows,y+ncols);
 344   1          //---------------------------------
 345   1          for(i=0;i<nbytes;i++)
 346   1          {
 347   2              ed=*pchar++;
 348   2              if(size==0)
 349   2              {
 350   3                  if(i%2==0)
 351   3                      e=8;
 352   3                  else
 353   3                      e=4;
 354   3              }
 355   2              else
 356   2                  e=8;
 357   2              for(j=0;j<e;j++)
 358   2              {//unsigned char temp;
 359   3                  if((ed>>j)&0x01)
 360   3                  { 
 361   4                     //temp = For_color&0x00ff
 362   4                         LCD_Write_DATA(For_color>>8 , For_color  );  //textcolor
 363   4                      }
 364   3                  else
C51 COMPILER V7.50   S6D0154                                                               02/16/2014 14:30:26 PAGE 7   

 365   3                  {
 366   4                      LCD_Write_DATA( Bk_color>>8 ,  Bk_color);  //backcolor
 367   4                      }
 368   3              }
 369   2          }
 370   1              LCD_CS =1;  //关闭片选使能
 371   1      }
 372          //******************************************************************
 373          //  字符显示子函数
 374          //------------------------------------------------------------------
 375          void LCD_ShowChar(uint x,uint y,uint For_color,uint Bk_color, char ch)
 376          {       
 377   1          uchar temp , Bytes;
 378   1          uchar pos,t;
 379   1          uint  CHAR_W,CHAR_H;
 380   1         
 381   1          //CHAR_W = 8;         //8*16
 382   1          //CHAR_H = 16;
 383   1      
 384   1          CHAR_W = 16;         //16*24
 385   1          CHAR_H = 24;
 386   1      
 387   1          if(x>(LCD_SIZE_X-CHAR_W)||y>(LCD_SIZE_Y-CHAR_H))
 388   1              return;
 389   1         
 390   1          Address_set(x, y, x+CHAR_W-1, y+CHAR_H-1);
 391   1          ch = ch-32;                       //按照ASCII编码顺序的到相应字母的编码
 392   1          Bytes = (CHAR_W*CHAR_H)/8;
 393   1          for(pos=0;pos<Bytes;pos++)  //CHAR_H        (CHAR_W*CHAR_H)/8
 394   1          {
 395   2              //temp= Font8x16[ch][pos];
 396   2              //temp= Font16x24[ch][pos];
 397   2              temp= Font16x24[ch][pos];
 398   2            
 399   2              for(t=0;t<8;t++) //CHAR_W
 400   2              {                 
 401   3                     if(temp&0x80)
 402   3                         LCD_Write_DATA(For_color>>8 , For_color  );  //textcolor
 403   3                     else 
 404   3                         LCD_Write_DATA(Bk_color>>8 , Bk_color );  //backcolor
 405   3                  temp<<=1; 
 406   3              }
 407   2          }
 408   1      }  
 409          //******************************************************************
 410          //  显示字符串子函数    x,y:起点坐标    *p:字符串起始地址
 411          //------------------------------------------------------------------
 412          void LCD_ShowString(uint x,uint y,uint For_color,uint Bk_color,char *p)
 413          {         
 414   1          while(*p!='\0')
 415   1          {       
 416   2              LCD_ShowChar(x,y,For_color,Bk_color,*p);
 417   2              //x+=8;
 418   2              x+=16;
 419   2              p++;
 420   2          }
 421   1      }
 422          //******************************************************************
 423          //  
 424          //------------------------------------------------------------------
 425          void LCD_Init(void)
 426          {
C51 COMPILER V7.50   S6D0154                                                               02/16/2014 14:30:26 PAGE 8   

 427   1      //    LCD_RST=1;
 428   1      //    delayms(5);
 429   1              LCD_RST=0;
 430   1              delayms(5);
 431   1              LCD_RST=1;
 432   1      //      delayms(5);
 433   1              LCD_CS =0;  //打开片选使能
 434   1          //---------------------------------
 435   1              LCD_Write_COM(0x00,0x10); LCD_Write_DATA(0x00,0x00);  // Power Control 1  current consumption  STB
 436   1              delayms(10);
 437   1              
 438   1              LCD_Write_COM(0x00,0x11); LCD_Write_DATA(0x00,0x1c);  // Power Control 2
 439   1              LCD_Write_COM(0x00,0x12); LCD_Write_DATA(0x12,0x12);  // Power Control 3  BT2-0, DC11-10, DC21-20, DC31-3
             -0
 440   1              LCD_Write_COM(0x00,0x13); LCD_Write_DATA(0x00,0x41);  // Power Control 4  DCR_EX=0, DCR2-0, GVD6-0
 441   1              LCD_Write_COM(0x00,0x14); LCD_Write_DATA(0x40,0x50);  // Power Control 5  VCOMG=0, VCM6-0, VCMR=0, VML6-0
 442   1              LCD_Write_COM(0x00,0x10); LCD_Write_DATA(0x08,0x00);  // Power Control 1 
 443   1              LCD_Write_COM(0x00,0x11); LCD_Write_DATA(0x01,0x1c);  // Power Control 2
 444   1              delayms(300);//300ms
 445   1              LCD_Write_COM(0x00,0x11); LCD_Write_DATA(0x03,0x1c);  // Power Control 2
 446   1              delayms(300);//300ms
 447   1              LCD_Write_COM(0x00,0x11); LCD_Write_DATA(0x07,0x1c);  // Power Control 2
 448   1              delayms(300);//300ms
 449   1              LCD_Write_COM(0x00,0x11); LCD_Write_DATA(0x0f,0x1c);  // Power Control 2
 450   1              delayms(600);//600ms
 451   1              LCD_Write_COM(0x00,0x11); LCD_Write_DATA(0x0f,0x39);  // Power Control 2
 452   1              delayms(500);//500ms
 453   1              LCD_Write_COM(0x00,0x01); LCD_Write_DATA(0x01,0x28);  // Driver Output Control
 454   1              LCD_Write_COM(0x00,0x02); LCD_Write_DATA(0x01,0x00);  // LCD-Driving-Waveform Control
 455   1              LCD_Write_COM(0x00,0x03); LCD_Write_DATA(0x10,0x30);  // Entry Mode
 456   1              LCD_Write_COM(0x00,0x08); LCD_Write_DATA(0x08,0x08);  // Frame Cycle Control 
 457   1              LCD_Write_COM(0x00,0x0b); LCD_Write_DATA(0x11,0x05);  // Frame Cycle Control
 458   1              LCD_Write_COM(0x00,0x0c); LCD_Write_DATA(0x00,0x00);  // External Display Interface Control 
 459   1          //---------------------------------
 460   1          LCD_Write_COM(0x00,0x15); LCD_Write_DATA(0x00,0x20);  //VCI Recycling (R15H)                //              VCIR=010         0X0020
 461   1              LCD_Write_COM(0x00,0x30); LCD_Write_DATA(0x00,0x00);  //                SCN 0   Start from G1
 462   1              LCD_Write_COM(0x00,0x34); LCD_Write_DATA(0x01,0x3f);  //                SE1 = 100111111( 319)
 463   1              LCD_Write_COM(0x00,0x35); LCD_Write_DATA(0x00,0x00);  //                SS1 = 000000000
 464   1              LCD_Write_COM(0x00,0x36); LCD_Write_DATA(0x00,0xef);  //                HEA = 011101111(239)
 465   1              LCD_Write_COM(0x00,0x37); LCD_Write_DATA(0x00,0x00);  //                HSA = 000000000 
 466   1              LCD_Write_COM(0x00,0x38); LCD_Write_DATA(0x01,0x3f);  //                VEA = 100111111( 319)
 467   1          LCD_Write_COM(0x00,0x39); LCD_Write_DATA(0x00,0x00);  //            VSA = 000000000 
 468   1          LCD_Write_COM(0x00,0x50); LCD_Write_DATA(0x01,0x01);  // Gamma Control
 469   1          //---------------------------------
 470   1              LCD_Write_COM(0x00,0x51); LCD_Write_DATA(0x09,0x03);
 471   1              LCD_Write_COM(0x00,0x52); LCD_Write_DATA(0x0b,0x08);
 472   1              LCD_Write_COM(0x00,0x53); LCD_Write_DATA(0x08,0x05);
 473   1              LCD_Write_COM(0x00,0x54); LCD_Write_DATA(0x01,0x01);
 474   1              LCD_Write_COM(0x00,0x55); LCD_Write_DATA(0x0d,0x06);
 475   1              LCD_Write_COM(0x00,0x56); LCD_Write_DATA(0x0e,0x0a);
 476   1              LCD_Write_COM(0x00,0x57); LCD_Write_DATA(0x01,0x00);
 477   1              LCD_Write_COM(0x00,0x58); LCD_Write_DATA(0x1f,0x0b);
 478   1              LCD_Write_COM(0x00,0x59); LCD_Write_DATA(0x02,0x01);
 479   1              //---------------------------------
 480   1              LCD_Write_COM(0x00,0x20); LCD_Write_DATA(0x00,0x00);  //Set RAM Address
 481   1              LCD_Write_COM(0x00,0x21); LCD_Write_DATA(0x00,0x00);  //Set RAM Address
 482   1              //0x22            RAM Data Write
 483   1              //LCD_CtrlWrite(0x0022);
 484   1              LCD_Write_COM(0x00,0x0f); LCD_Write_DATA(0x1f,0x01);  // Start Oscillation
 485   1              delayms(300);//300ms
 486   1              LCD_Write_COM(0x00,0x07); LCD_Write_DATA(0x00,0x16);  // Display Control
 487   1              delayms(200);//200ms
C51 COMPILER V7.50   S6D0154                                                               02/16/2014 14:30:26 PAGE 9   

 488   1              LCD_Write_COM(0x00,0x07); LCD_Write_DATA(0x00,0x17);
 489   1              //---------------------------------
 490   1              LCD_CS =1;
 491   1      }
 492          //******************************************************************
 493          //  
 494          //------------------------------------------------------------------
 495          
 496          
 497          


MODULE INFORMATION:   STATIC OVERLAYABLE
   CODE SIZE        =   1811    ----
   CONSTANT SIZE    =  32937    ----
   XDATA SIZE       =   ----    ----
   PDATA SIZE       =   ----    ----
   DATA SIZE        =     16      73
   IDATA SIZE       =   ----    ----
   BIT SIZE         =   ----    ----
END OF MODULE INFORMATION.


C51 COMPILATION COMPLETE.  0 WARNING(S),  0 ERROR(S)
